1	N	48
0	J	48
1	R	48
2	N	49
1	W	49
2	R	49
3	N	64
2	J	64
3	R	64
3	W	68
2	R	68
2	E	74
1	J	74
1	R	74
4	N	74
1	W	74
4	R	74
5	N	107
4	W	107
5	R	107
4	J	109
5	E	110
4	R	110
4	W	115
0	R	115
4	J	337
4	R	337
4	W	337
0	R	338
4	J	363
4	R	363
4	W	363
0	R	363
4	J	379
4	R	379
4	W	380
0	R	380
4	J	405
4	R	405
4	W	405
0	R	405
4	J	419
4	R	419
4	W	419
0	R	419
4	J	445
4	R	445
4	W	445
0	R	445
4	J	677
4	R	677
4	W	677
0	R	677
4	J	695
4	R	695
4	W	695
0	R	695
4	J	708
4	R	708
4	W	708
0	R	708
4	J	720
4	R	720
4	W	720
0	R	720
4	J	737
4	R	737
4	W	737
0	R	737
4	J	750
4	R	750
4	W	750
0	R	750
4	J	770
4	R	770
4	W	770
0	R	770
4	J	770
4	R	770
4	W	770
0	R	770
4	J	789
4	R	789
4	W	789
0	R	789
4	J	813
4	R	813
4	W	813
0	R	813
4	J	826
4	R	826
4	W	826
0	R	826
4	J	851
4	R	851
4	W	851
0	R	851
4	J	889
4	R	889
4	W	889
0	R	889
4	J	914
4	R	914
4	W	914
0	R	914
4	J	918
4	R	918
4	W	918
0	R	918
4	J	936
4	R	936
4	W	936
0	R	937
4	J	943
4	R	943
4	W	944
0	R	944
4	J	958
4	R	958
4	W	958
0	R	958
4	J	964
4	R	964
4	W	969
0	R	969
4	J	984
4	R	984
4	W	984
0	R	984
4	J	1063
4	R	1063
4	W	1063
0	R	1063
4	J	1088
4	R	1088
4	W	1089
0	R	1089
4	J	1137
4	R	1137
6	N	1138
4	W	1139
6	R	1139
7	N	1141
8	N	1142
9	N	1143
10	N	1144
11	N	1145
6	W	1145
11	R	1145
11	J	1160
10	R	1160
10	J	1175
9	R	1175
9	J	1190
8	R	1190
8	W	1190
7	R	1190
7	J	1205
11	R	1205
11	J	1220
10	R	1220
10	J	1235
9	R	1235
9	J	1250
7	R	1250
7	J	1265
11	R	1265
11	J	1280
10	R	1280
8	J	1295
10	J	1295
8	R	1295
8	W	1295
9	R	1295
9	J	1310
7	R	1310
7	J	1325
11	R	1325
11	J	1340
10	R	1340
10	J	1355
9	R	1355
9	J	1370
7	R	1370
7	J	1385
11	R	1385
8	J	1400
11	J	1400
8	R	1400
8	W	1400
10	R	1400
10	J	1415
9	R	1415
9	J	1430
7	R	1430
7	J	1445
11	R	1445
11	J	1460
10	R	1460
10	J	1475
9	R	1475
9	J	1490
7	R	1490
8	J	1505
7	J	1505
8	R	1505
8	W	1505
11	R	1505
11	J	1520
10	R	1520
10	W	1530
9	R	1530
9	W	1540
7	R	1540
7	J	1555
11	R	1555
11	J	1570
7	R	1570
7	J	1585
11	R	1585
11	J	1600
7	R	1600
8	J	1615
7	J	1615
8	R	1615
8	W	1615
11	R	1615
11	J	1630
7	R	1630
10	J	1645
9	J	1645
7	J	1645
10	R	1645
10	W	1645
9	R	1645
9	J	1671
11	R	1671
11	J	1686
9	R	1686
9	J	1701
7	R	1701
8	J	1716
7	J	1716
8	R	1716
8	W	1716
11	R	1716
11	J	1731
9	R	1731
10	J	1746
9	J	1746
10	R	1746
10	W	1746
7	R	1746
7	J	1761
11	R	1761
11	J	1776
9	R	1776
9	J	1791
7	R	1791
7	J	1806
11	R	1806
8	J	1821
11	J	1821
8	R	1821
8	W	1821
9	R	1821
9	J	1836
7	R	1836
10	J	1851
7	J	1851
10	R	1851
10	W	1851
11	R	1851
11	J	1866
9	R	1866
9	W	1880
7	R	1880
7	J	1895
11	R	1895
11	J	1910
7	R	1910
8	J	1925
7	J	1925
8	R	1925
8	W	1925
11	R	1925
11	J	1940
7	R	1940
10	J	1955
7	J	1955
10	R	1955
10	W	1955
11	R	1955
11	J	1970
7	R	1970
9	J	1985
7	J	1985
9	R	1985
9	J	2011
11	R	2011
8	J	2026
11	J	2026
8	R	2026
8	W	2026
9	R	2026
9	J	2041
7	R	2041
10	J	2056
7	J	2056
10	R	2056
10	W	2056
11	R	2056
11	J	2071
9	R	2071
9	J	2086
7	R	2086
7	J	2101
11	R	2101
11	J	2116
9	R	2116
8	J	2131
9	J	2131
8	R	2131
8	W	2131
7	R	2131
7	J	2146
11	R	2146
10	J	2161
11	J	2161
10	R	2161
10	W	2161
9	R	2161
9	J	2176
7	R	2176
7	J	2191
11	R	2191
11	J	2206
9	R	2206
9	W	2220
7	R	2220
8	J	2235
7	J	2235
8	R	2235
8	E	2235
6	J	2235
6	R	2235
6	W	2235
11	R	2235
11	J	2250
7	R	2250
10	J	2265
7	J	2265
10	R	2265
10	W	2265
11	R	2265
11	J	2280
7	R	2280
7	J	2295
11	R	2295
11	J	2310
7	R	2310
9	J	2325
7	J	2325
9	R	2325
9	J	2351
11	R	2351
10	J	2366
11	J	2366
10	R	2366
10	W	2366
9	R	2366
9	J	2381
7	R	2381
7	J	2396
11	R	2396
11	J	2411
9	R	2411
9	J	2426
7	R	2426
7	J	2441
11	R	2441
11	J	2456
9	R	2456
10	J	2471
9	J	2471
10	R	2471
10	E	2471
6	J	2471
6	R	2471
6	W	2471
7	R	2471
7	J	2486
11	R	2486
11	J	2501
9	R	2501
9	J	2516
7	R	2516
7	J	2531
11	R	2531
11	J	2546
9	R	2546
9	W	2560
7	R	2560
7	J	2575
11	R	2575
11	J	2590
7	R	2590
7	J	2605
11	R	2605
11	J	2620
7	R	2620
7	J	2635
11	R	2635
11	J	2650
7	R	2650
9	J	2665
7	J	2665
9	R	2665
9	J	2691
11	R	2691
11	J	2706
9	R	2706
9	J	2721
7	R	2721
7	J	2736
11	R	2736
11	J	2751
9	R	2751
9	J	2766
7	R	2766
7	J	2781
11	R	2781
11	J	2796
9	R	2796
9	J	2811
7	R	2811
7	J	2826
11	R	2826
11	J	2841
9	R	2841
9	J	2856
7	R	2856
7	J	2871
11	R	2871
11	J	2886
9	R	2886
9	W	2900
7	R	2900
7	J	2915
11	R	2915
11	J	2930
7	R	2930
7	J	2945
11	R	2945
11	J	2960
7	R	2960
7	J	2975
11	R	2975
11	J	2990
7	R	2990
9	J	3005
7	J	3005
9	R	3005
9	E	3005
6	J	3005
6	R	3005
6	W	3005
11	R	3005
11	J	3020
7	R	3020
7	J	3035
11	R	3035
11	J	3050
7	R	3050
7	J	3065
11	R	3065
3	J	3080
11	J	3080
3	R	3080
3	W	3080
7	R	3080
7	J	3095
11	R	3095
11	J	3110
7	R	3110
7	J	3125
11	R	3125
11	J	3140
7	R	3140
7	J	3155
11	R	3155
11	J	3170
7	R	3170
7	J	3185
11	R	3185
11	J	3200
7	R	3200
7	J	3215
11	R	3215
11	J	3230
7	R	3230
7	J	3245
11	R	3245
11	J	3260
7	R	3260
7	J	3275
11	R	3275
11	J	3290
7	R	3290
7	J	3305
11	R	3305
11	J	3320
7	R	3320
7	J	3335
11	R	3335
11	J	3350
7	R	3350
7	J	3365
11	R	3365
11	J	3380
7	R	3380
7	J	3395
11	R	3395
11	J	3410
7	R	3410
7	J	3425
11	R	3425
11	J	3440
7	R	3440
7	J	3455
11	R	3455
11	J	3470
7	R	3470
7	J	3485
11	R	3485
11	J	3500
7	R	3500
7	J	3515
11	R	3515
11	J	3530
7	R	3530
7	J	3545
11	R	3545
11	W	3545
7	R	3545
7	E	3645
6	J	3645
6	R	3645
6	W	3645
0	R	3645
11	J	3646
11	R	3646
11	E	3646
6	J	3646
6	R	3646
6	E	3647
4	J	3647
4	R	3647
12	N	3648
4	W	3648
12	R	3648
4	J	3650
12	E	3651
4	R	3651
4	W	3651
0	R	3651
4	J	4170
4	R	4170
4	W	4170
0	R	4170
4	J	4197
4	R	4197
4	W	4197
0	R	4197
4	J	4243
4	R	4243
4	W	4243
0	R	4243
4	J	4261
4	R	4262
4	W	4262
0	R	4262
4	J	4443
4	R	4443
4	W	4443
0	R	4443
4	J	4465
4	R	4465
4	W	4465
0	R	4465
4	J	4477
4	R	4477
4	W	4477
0	R	4477
4	J	4479
4	R	4479
4	W	4479
0	R	4479
4	J	4500
4	R	4500
4	W	4500
0	R	4500
4	J	4525
4	R	4525
4	W	4525
0	R	4525
4	J	4529
4	R	4529
4	W	4530
0	R	4530
4	J	4554
4	R	4555
4	W	4555
0	R	4555
4	J	4564
4	R	4564
13	N	4566
4	W	4566
13	R	4566
